<?xml version="1.0" encoding="UTF-8"?>
<testng-results ignored="0" total="1" passed="1" failed="0" skipped="0">
  <reporter-output>
  </reporter-output>
  <suite started-at="2022-11-24T15:36:09 IST" name="Testing Pet Apps" finished-at="2022-11-24T15:36:34 IST" duration-ms="24588">
    <groups>
    </groups>
    <test started-at="2022-11-24T15:36:09 IST" name="Open" finished-at="2022-11-24T15:36:34 IST" duration-ms="24588">
      <class name="petWebsite.petWebsite.PetstoreMain">
        <test-method is-config="true" signature="startTest()[pri:0, instance:petWebsite.petWebsite.PetstoreMain@6283d8b8]" started-at="2022-11-24T15:36:09 IST" name="startTest" finished-at="2022-11-24T15:36:09 IST" duration-ms="208" status="PASS">
          <reporter-output>
          </reporter-output>
        </test-method> <!-- startTest -->
        <test-method signature="login(java.lang.String)[pri:0, instance:petWebsite.petWebsite.PetstoreMain@6283d8b8]" started-at="2022-11-24T15:36:09 IST" name="login" finished-at="2022-11-24T15:36:33 IST" duration-ms="23843" status="PASS">
          <params>
            <param index="0">
              <value>
                <![CDATA[chrome]]>
              </value>
            </param>
          </params>
          <reporter-output>
          </reporter-output>
        </test-method> <!-- login -->
        <test-method is-config="true" signature="endTest()[pri:0, instance:petWebsite.petWebsite.PetstoreMain@6283d8b8]" started-at="2022-11-24T15:36:33 IST" name="endTest" finished-at="2022-11-24T15:36:34 IST" duration-ms="480" status="PASS">
          <reporter-output>
          </reporter-output>
        </test-method> <!-- endTest -->
      </class> <!-- petWebsite.petWebsite.PetstoreMain -->
    </test> <!-- Open -->
  </suite> <!-- Testing Pet Apps -->
</testng-results>
